<?xml version="1.0"?>
<testsuite errors="0" failures="1" hostname="localhost" name="LayerA" skipped="1" tests="2" time="0" timestamp="2025-03-28T22:17:43">
    <properties/>
    <testcase classname="ClassA" name="LayerA - ClassA" time="0">
        <skipped>ClassA:12 must not depend on ClassB (LayerA on LayerB)</skipped>
    </testcase>
    <testcase classname="ClassC" name="LayerA - ClassC" time="0">
        <failure message="ClassC:12 must not depend on ClassD (LayerA on LayerB)" type="Rule Violation"/>
    </testcase>
    <system-out/>
    <system-err/>
</testsuite>
