<?xml version="1.0"?>
<testsuite errors="0" failures="2" hostname="localhost" name="Deptrac" skipped="0" tests="1" time="0" timestamp="2025-03-28T22:17:43">
    <properties/>
    <testcase classname="OriginalA" name="LayerA" time="0">
        <failure message="OriginalA:12 must not depend on OriginalB (LayerA on LayerB)" type="Rule Violation"/>
    </testcase>
    <testcase classname="OriginalB" name="LayerB" time="0">
        <failure message="OriginalB:12 must not depend on OriginalA (LayerB on LayerA)" type="Rule Violation"/>
    </testcase>
    <system-out/>
    <system-err/>
</testsuite>
